<?xml version="1.0" encoding="UTF-8"?>
<!-- Generated by org.testng.reporters.JUnitXMLReporter -->
<testsuite ignored="0" hostname="CARMEL-QA3L" failures="1" tests="9" name="Sanity" time="89.461" errors="0" timestamp="2023-11-10T18:48:20 IST">
  <testcase classname="com.ecommerce.tests.TC_Login_001" name="loginIntoApplicationTest" time="1.154"/>
  <testcase classname="com.ecommerce.tests.TC_Login_001" name="checkRegisterationSection" time="0.06"/>
  <testcase classname="com.ecommerce.tests.TC_Login_001" name="invalid" time="0.823"/>
  <testcase classname="com.ecommerce.tests.TC_UserPage_002" name="checkUserPageLinks" time="0.422">
    <failure type="java.lang.AssertionError" message="expected [true] but found [false]">
      <![CDATA[java.lang.AssertionError: expected [true] but found [false]
at com.ecommerce.tests.TC_UserPage_002.checkUserPageLinks(TC_UserPage_002.java:44)
at java.base/java.util.ArrayList.forEach(ArrayList.java:1511)
... Removed 31 stack frames]]>
    </failure>
  </testcase> <!-- checkUserPageLinks -->
  <testcase classname="com.ecommerce.tests.TC_UserPage_002" name="validateHeaderLinks" time="0.432"/>
  <testcase classname="com.ecommerce.tests.TC_UserPage_002" name="validateLogo" time="0.046"/>
  <testcase classname="com.ecommerce.tests.TC_AddAddress_005" name="addAddressFields" time="2.75"/>
  <testcase classname="com.ecommerce.tests.TC_AddAddress_005" name="addAddressFields" time="3.787"/>
  <testcase classname="com.ecommerce.tests.TC_AddAddress_005" name="userNavigationAddAddressPage" time="1.184"/>
</testsuite> <!-- Sanity -->
